#
# There is insufficient memory for the Java Runtime Environment to continue.
# Native memory allocation (malloc) failed to allocate 98928 bytes for Chunk::new
# Possible reasons:
#   The system is out of physical RAM or swap space
#   The process is running with CompressedOops enabled, and the Java Heap may be blocking the growth of the native heap
# Possible solutions:
#   Reduce memory load on the system
#   Increase physical memory or swap space
#   Check if swap backing store is full
#   Decrease Java heap size (-Xmx/-Xms)
#   Decrease number of Java threads
#
#  
# Java VM: OpenJDK 64-Bit Server VM (17.0.7+0-b2043.56-10550314, mixed mode, tiered, compressed oops, compressed class ptrs, g1 gc, windows-amd64)
# No core dump will be written. Minidumps are not enabled by default on client versions of Windows
#

---------------  S U M M A R Y ------------

Command Line: -Dorg.gradle.appname=gradlew org.gradle.wrapper.GradleWrapperMain -q -Ptarget-platform=android-arm64 -Ptarget=C:\Users\PC\OneDrive\Documents\Flutter Experience\fe_lab_clinicas_self_service\lib\main.dart -Pbase-application-name=android.app.Application -Pdart-defines=QkFDS0VORF9CQVNFX1VSTD1odHRwOi8vMTkyLjE2OC4xLjU3OjgwODA=,RkxVVFRFUl9XRUJfQVVUT19ERVRFQ1Q9dHJ1ZQ==,RkxVVFRFUl9XRUJfQ0FOVkFTS0lUX1VSTD1odHRwczovL3d3dy5nc3RhdGljLmNvbS9mbHV0dGVyLWNhbnZhc2tpdC9mNDBlOTc2YmVkZmY1N2U2OWUxYjNkODlhN2MyYTNjNjE3YTAzZGFkLw== -Pdart-obfuscation=false -Ptrack-widget-creation=true -Ptree-shake-icons=false -PBACKEND_BASE_URL=http://192.168.1.57:8080 -Pfilesystem-scheme=org-dartlang-root assembleDebug

Host: AMD Athlon Silver 3050U with Radeon Graphics   , 2 cores, 3G,  Windows 10 , 64 bit Build 19041 (10.0.19041.3636)
Time: Mon Feb  5 16:01:22 2024 E. South America Standard Time elapsed time: 4.684469 seconds (0d 0h 0m 4s)

---------------  T H R E A D  ---------------

Current thread (0x000002af675d5e70):  JavaThread "C2 CompilerThread0" daemon [_thread_in_native, id=7388, stack(0x000000c411900000,0x000000c411a00000)]


Current CompileTask:
C2:   4684  384 %     4       java.lang.StringLatin1::toLowerCase @ 117 (186 bytes)

Stack: [0x000000c411900000,0x000000c411a00000]
Native frames: (J=compiled Java code, j=interpreted, Vv=VM code, C=native code)
V  [jvm.dll+0x683bfa]
V  [jvm.dll+0x8430a4]
V  [jvm.dll+0x8449be]
V  [jvm.dll+0x845023]
V  [jvm.dll+0x24ad2f]
V  [jvm.dll+0xac25c]
V  [jvm.dll+0xac82c]
V  [jvm.dll+0x36a187]
V  [jvm.dll+0x334821]
V  [jvm.dll+0x333cca]
V  [jvm.dll+0x21d251]
V  [jvm.dll+0x21c671]
V  [jvm.dll+0x1a605d]
V  [jvm.dll+0x22c148]
V  [jvm.dll+0x22a209]
V  [jvm.dll+0x7f858c]
V  [jvm.dll+0x7f2aea]
V  [jvm.dll+0x682a35]
C  [ucrtbase.dll+0x21bb2]
C  [KERNEL32.DLL+0x17344]
C  [ntdll.dll+0x526b1]


---------------  P R O C E S S  ---------------

Threads class SMR info:
_java_thread_list=0x000002af67955240, length=12, elements={
0x000002af51016c10, 0x000002af675827a0, 0x000002af67584530, 0x000002af675d2680,
0x000002af675d3040, 0x000002af675d3900, 0x000002af675d41c0, 0x000002af675d5e70,
0x000002af675d7830, 0x000002af675ec010, 0x000002af67979720, 0x000002af67990410
}

Java Threads: ( => current thread )
  0x000002af51016c10 JavaThread "main" [_thread_in_vm, id=7896, stack(0x000000c410b00000,0x000000c410c00000)]
  0x000002af675827a0 JavaThread "Reference Handler" daemon [_thread_blocked, id=13780, stack(0x000000c411300000,0x000000c411400000)]
  0x000002af67584530 JavaThread "Finalizer" daemon [_thread_blocked, id=1172, stack(0x000000c411400000,0x000000c411500000)]
  0x000002af675d2680 JavaThread "Signal Dispatcher" daemon [_thread_blocked, id=7188, stack(0x000000c411500000,0x000000c411600000)]
  0x000002af675d3040 JavaThread "Attach Listener" daemon [_thread_blocked, id=6888, stack(0x000000c411600000,0x000000c411700000)]
  0x000002af675d3900 JavaThread "Service Thread" daemon [_thread_blocked, id=8296, stack(0x000000c411700000,0x000000c411800000)]
  0x000002af675d41c0 JavaThread "Monitor Deflation Thread" daemon [_thread_blocked, id=6844, stack(0x000000c411800000,0x000000c411900000)]
=>0x000002af675d5e70 JavaThread "C2 CompilerThread0" daemon [_thread_in_native, id=7388, stack(0x000000c411900000,0x000000c411a00000)]
  0x000002af675d7830 JavaThread "C1 CompilerThread0" daemon [_thread_blocked, id=14044, stack(0x000000c411a00000,0x000000c411b00000)]
  0x000002af675ec010 JavaThread "Sweeper thread" daemon [_thread_blocked, id=11812, stack(0x000000c411b00000,0x000000c411c00000)]
  0x000002af67979720 JavaThread "Notification Thread" daemon [_thread_blocked, id=2728, stack(0x000000c411c00000,0x000000c411d00000)]
  0x000002af67990410 JavaThread "Common-Cleaner" daemon [_thread_blocked, id=2540, stack(0x000000c411e00000,0x000000c411f00000)]

Other Threads:
  0x000002af6757dc60 VMThread "VM Thread" [stack: 0x000000c411200000,0x000000c411300000] [id=10024]
  0x000002af6797a000 WatcherThread [stack: 0x000000c411d00000,0x000000c411e00000] [id=4976]
  0x000002af5104f100 GCTaskThread "GC Thread#0" [stack: 0x000000c410d00000,0x000000c410e00000] [id=8244]
  0x000002af51056cd0 ConcurrentGCThread "G1 Main Marker" [stack: 0x000000c410e00000,0x000000c410f00000] [id=5124]
  0x000002af510575f0 ConcurrentGCThread "G1 Conc#0" [stack: 0x000000c410f00000,0x000000c411000000] [id=1304]
  0x000002af51089fd0 ConcurrentGCThread "G1 Refine#0" [stack: 0x000000c411000000,0x000000c411100000] [id=10428]
  0x000002af5108a900 ConcurrentGCThread "G1 Service" [stack: 0x000000c411100000,0x000000c411200000] [id=3288]

Threads with active compile tasks:
C2 CompilerThread0     4743  384 %     4       java.lang.StringLatin1::toLowerCase @ 117 (186 bytes)

VM state: not at safepoint (normal execution)

VM Mutex/Monitor currently owned by a thread:  ([mutex/lock_event])
[0x000002af4ede0f90] Metaspace_lock - owner thread: 0x000002af51016c10

OutOfMemory and StackOverflow Exception counts:
OutOfMemoryError java_heap_errors=1
LinkageErrors=1

Heap address: 0x00000000c9400000, size: 876 MB, Compressed Oops mode: 32-bit

CDS archive(s) not mapped
Compressed class space mapped at: 0x0000000100000000-0x0000000140000000, reserved size: 1073741824
Narrow klass base: 0x0000000000000000, Narrow klass shift: 3, Narrow klass range: 0x140000000

GC Precious Log:
 CPUs: 2 total, 2 available
 Memory: 3499M
 Large Page Support: Disabled
 NUMA Support: Disabled
 Compressed Oops: Enabled (32-bit)
 Heap Region Size: 1M
 Heap Min Capacity: 8M
 Heap Initial Capacity: 56M
 Heap Max Capacity: 876M
 Pre-touch: Disabled
 Parallel Workers: 2
 Concurrent Workers: 1
 Concurrent Refinement Workers: 2
 Periodic GC: Disabled

Heap:
 garbage-first heap   total 57344K, used 5120K [0x00000000c9400000, 0x0000000100000000)
  region size 1024K, 6 young (6144K), 0 survivors (0K)
 Metaspace       used 8180K, committed 8256K, reserved 1114112K
  class space    used 725K, committed 768K, reserved 1048576K

Heap Regions: E=young(eden), S=young(survivor), O=old, HS=humongous(starts), HC=humongous(continues), CS=collection set, F=free, OA=open archive, CA=closed archive, TAMS=top-at-mark-start (previous, next)
|   0|0x00000000c9400000, 0x00000000c9400000, 0x00000000c9500000|  0%| F|  |TAMS 0x00000000c9400000, 0x00000000c9400000| Untracked 
|   1|0x00000000c9500000, 0x00000000c9500000, 0x00000000c9600000|  0%| F|  |TAMS 0x00000000c9500000, 0x00000000c9500000| Untracked 
|   2|0x00000000c9600000, 0x00000000c9600000, 0x00000000c9700000|  0%| F|  |TAMS 0x00000000c9600000, 0x00000000c9600000| Untracked 
|   3|0x00000000c9700000, 0x00000000c9700000, 0x00000000c9800000|  0%| F|  |TAMS 0x00000000c9700000, 0x00000000c9700000| Untracked 
|   4|0x00000000c9800000, 0x00000000c9800000, 0x00000000c9900000|  0%| F|  |TAMS 0x00000000c9800000, 0x00000000c9800000| Untracked 
|   5|0x00000000c9900000, 0x00000000c9900000, 0x00000000c9a00000|  0%| F|  |TAMS 0x00000000c9900000, 0x00000000c9900000| Untracked 
|   6|0x00000000c9a00000, 0x00000000c9a00000, 0x00000000c9b00000|  0%| F|  |TAMS 0x00000000c9a00000, 0x00000000c9a00000| Untracked 
|   7|0x00000000c9b00000, 0x00000000c9b00000, 0x00000000c9c00000|  0%| F|  |TAMS 0x00000000c9b00000, 0x00000000c9b00000| Untracked 
|   8|0x00000000c9c00000, 0x00000000c9c00000, 0x00000000c9d00000|  0%| F|  |TAMS 0x00000000c9c00000, 0x00000000c9c00000| Untracked 
|   9|0x00000000c9d00000, 0x00000000c9d00000, 0x00000000c9e00000|  0%| F|  |TAMS 0x00000000c9d00000, 0x00000000c9d00000| Untracked 
|  10|0x00000000c9e00000, 0x00000000c9e00000, 0x00000000c9f00000|  0%| F|  |TAMS 0x00000000c9e00000, 0x00000000c9e00000| Untracked 
|  11|0x00000000c9f00000, 0x00000000c9f00000, 0x00000000ca000000|  0%| F|  |TAMS 0x00000000c9f00000, 0x00000000c9f00000| Untracked 
|  12|0x00000000ca000000, 0x00000000ca000000, 0x00000000ca100000|  0%| F|  |TAMS 0x00000000ca000000, 0x00000000ca000000| Untracked 
|  13|0x00000000ca100000, 0x00000000ca100000, 0x00000000ca200000|  0%| F|  |TAMS 0x00000000ca100000, 0x00000000ca100000| Untracked 
|  14|0x00000000ca200000, 0x00000000ca200000, 0x00000000ca300000|  0%| F|  |TAMS 0x00000000ca200000, 0x00000000ca200000| Untracked 
|  15|0x00000000ca300000, 0x00000000ca300000, 0x00000000ca400000|  0%| F|  |TAMS 0x00000000ca300000, 0x00000000ca300000| Untracked 
|  16|0x00000000ca400000, 0x00000000ca400000, 0x00000000ca500000|  0%| F|  |TAMS 0x00000000ca400000, 0x00000000ca400000| Untracked 
|  17|0x00000000ca500000, 0x00000000ca500000, 0x00000000ca600000|  0%| F|  |TAMS 0x00000000ca500000, 0x00000000ca500000| Untracked 
|  18|0x00000000ca600000, 0x00000000ca600000, 0x00000000ca700000|  0%| F|  |TAMS 0x00000000ca600000, 0x00000000ca600000| Untracked 
|  19|0x00000000ca700000, 0x00000000ca700000, 0x00000000ca800000|  0%| F|  |TAMS 0x00000000ca700000, 0x00000000ca700000| Untracked 
|  20|0x00000000ca800000, 0x00000000ca800000, 0x00000000ca900000|  0%| F|  |TAMS 0x00000000ca800000, 0x00000000ca800000| Untracked 
|  21|0x00000000ca900000, 0x00000000ca900000, 0x00000000caa00000|  0%| F|  |TAMS 0x00000000ca900000, 0x00000000ca900000| Untracked 
|  22|0x00000000caa00000, 0x00000000caa00000, 0x00000000cab00000|  0%| F|  |TAMS 0x00000000caa00000, 0x00000000caa00000| Untracked 
|  23|0x00000000cab00000, 0x00000000cab00000, 0x00000000cac00000|  0%| F|  |TAMS 0x00000000cab00000, 0x00000000cab00000| Untracked 
|  24|0x00000000cac00000, 0x00000000cac00000, 0x00000000cad00000|  0%| F|  |TAMS 0x00000000cac00000, 0x00000000cac00000| Untracked 
|  25|0x00000000cad00000, 0x00000000cad00000, 0x00000000cae00000|  0%| F|  |TAMS 0x00000000cad00000, 0x00000000cad00000| Untracked 
|  26|0x00000000cae00000, 0x00000000cae00000, 0x00000000caf00000|  0%| F|  |TAMS 0x00000000cae00000, 0x00000000cae00000| Untracked 
|  27|0x00000000caf00000, 0x00000000caf00000, 0x00000000cb000000|  0%| F|  |TAMS 0x00000000caf00000, 0x00000000caf00000| Untracked 
|  28|0x00000000cb000000, 0x00000000cb000000, 0x00000000cb100000|  0%| F|  |TAMS 0x00000000cb000000, 0x00000000cb000000| Untracked 
|  29|0x00000000cb100000, 0x00000000cb100000, 0x00000000cb200000|  0%| F|  |TAMS 0x00000000cb100000, 0x00000000cb100000| Untracked 
|  30|0x00000000cb200000, 0x00000000cb200000, 0x00000000cb300000|  0%| F|  |TAMS 0x00000000cb200000, 0x00000000cb200000| Untracked 
|  31|0x00000000cb300000, 0x00000000cb300000, 0x00000000cb400000|  0%| F|  |TAMS 0x00000000cb300000, 0x00000000cb300000| Untracked 
|  32|0x00000000cb400000, 0x00000000cb400000, 0x00000000cb500000|  0%| F|  |TAMS 0x00000000cb400000, 0x00000000cb400000| Untracked 
|  33|0x00000000cb500000, 0x00000000cb500000, 0x00000000cb600000|  0%| F|  |TAMS 0x00000000cb500000, 0x00000000cb500000| Untracked 
|  34|0x00000000cb600000, 0x00000000cb600000, 0x00000000cb700000|  0%| F|  |TAMS 0x00000000cb600000, 0x00000000cb600000| Untracked 
|  35|0x00000000cb700000, 0x00000000cb700000, 0x00000000cb800000|  0%| F|  |TAMS 0x00000000cb700000, 0x00000000cb700000| Untracked 
|  36|0x00000000cb800000, 0x00000000cb800000, 0x00000000cb900000|  0%| F|  |TAMS 0x00000000cb800000, 0x00000000cb800000| Untracked 
|  37|0x00000000cb900000, 0x00000000cb900000, 0x00000000cba00000|  0%| F|  |TAMS 0x00000000cb900000, 0x00000000cb900000| Untracked 
|  38|0x00000000cba00000, 0x00000000cba00000, 0x00000000cbb00000|  0%| F|  |TAMS 0x00000000cba00000, 0x00000000cba00000| Untracked 
|  39|0x00000000cbb00000, 0x00000000cbb00000, 0x00000000cbc00000|  0%| F|  |TAMS 0x00000000cbb00000, 0x00000000cbb00000| Untracked 
|  40|0x00000000cbc00000, 0x00000000cbc00000, 0x00000000cbd00000|  0%| F|  |TAMS 0x00000000cbc00000, 0x00000000cbc00000| Untracked 
|  41|0x00000000cbd00000, 0x00000000cbd00000, 0x00000000cbe00000|  0%| F|  |TAMS 0x00000000cbd00000, 0x00000000cbd00000| Untracked 
|  42|0x00000000cbe00000, 0x00000000cbe00000, 0x00000000cbf00000|  0%| F|  |TAMS 0x00000000cbe00000, 0x00000000cbe00000| Untracked 
|  43|0x00000000cbf00000, 0x00000000cbf00000, 0x00000000cc000000|  0%| F|  |TAMS 0x00000000cbf00000, 0x00000000cbf00000| Untracked 
|  44|0x00000000cc000000, 0x00000000cc000000, 0x00000000cc100000|  0%| F|  |TAMS 0x00000000cc000000, 0x00000000cc000000| Untracked 
|  45|0x00000000cc100000, 0x00000000cc100000, 0x00000000cc200000|  0%| F|  |TAMS 0x00000000cc100000, 0x00000000cc100000| Untracked 
|  46|0x00000000cc200000, 0x00000000cc200000, 0x00000000cc300000|  0%| F|  |TAMS 0x00000000cc200000, 0x00000000cc200000| Untracked 
|  47|0x00000000cc300000, 0x00000000cc300000, 0x00000000cc400000|  0%| F|  |TAMS 0x00000000cc300000, 0x00000000cc300000| Untracked 
|  48|0x00000000cc400000, 0x00000000cc400000, 0x00000000cc500000|  0%| F|  |TAMS 0x00000000cc400000, 0x00000000cc400000| Untracked 
|  49|0x00000000cc500000, 0x00000000cc500000, 0x00000000cc600000|  0%| F|  |TAMS 0x00000000cc500000, 0x00000000cc500000| Untracked 
|  50|0x00000000cc600000, 0x00000000cc67b9b8, 0x00000000cc700000| 48%| E|  |TAMS 0x00000000cc600000, 0x00000000cc600000| Complete 
|  51|0x00000000cc700000, 0x00000000cc800000, 0x00000000cc800000|100%| E|CS|TAMS 0x00000000cc700000, 0x00000000cc700000| Complete 
|  52|0x00000000cc800000, 0x00000000cc900000, 0x00000000cc900000|100%| E|CS|TAMS 0x00000000cc800000, 0x00000000cc800000| Complete 
|  53|0x00000000cc900000, 0x00000000cca00000, 0x00000000cca00000|100%| E|CS|TAMS 0x00000000cc900000, 0x00000000cc900000| Complete 
|  54|0x00000000cca00000, 0x00000000ccb00000, 0x00000000ccb00000|100%| E|CS|TAMS 0x00000000cca00000, 0x00000000cca00000| Complete 
|  55|0x00000000ccb00000, 0x00000000ccc00000, 0x00000000ccc00000|100%| E|CS|TAMS 0x00000000ccb00000, 0x00000000ccb00000| Complete 

Card table byte_map: [0x000002af50da0000,0x000002af50f60000] _byte_map_base: 0x000002af50756000

Marking Bits (Prev, Next): (CMBitMap*) 0x000002af5104f620, (CMBitMap*) 0x000002af5104f660
 Prev Bits: [0x000002af636b0000, 0x000002af64460000)
 Next Bits: [0x000002af64460000, 0x000002af65210000)

Polling page: 0x000002af4efc0000

Metaspace:

Usage:
  Non-class:      7.28 MB used.
      Class:    725.42 KB used.
       Both:      7.99 MB used.

Virtual space:
  Non-class space:       64.00 MB reserved,       7.31 MB ( 11%) committed,  1 nodes.
      Class space:        1.00 GB reserved,     768.00 KB ( <1%) committed,  1 nodes.
             Both:        1.06 GB reserved,       8.06 MB ( <1%) committed. 

Chunk freelists:
   Non-Class:  7.83 MB
       Class:  15.20 MB
        Both:  23.03 MB

MaxMetaspaceSize: unlimited
CompressedClassSpaceSize: 1.00 GB
Initial GC threshold: 21.00 MB
Current GC threshold: 21.00 MB
CDS: off
MetaspaceReclaimPolicy: balanced
 - commit_granule_bytes: 65536.
 - commit_granule_words: 8192.
 - virtual_space_node_default_size: 8388608.
 - enlarge_chunks_in_place: 1.
 - new_chunks_are_fully_committed: 0.
 - uncommit_free_chunks: 1.
 - use_allocation_guard: 0.
 - handle_deallocations: 1.


Internal statistics:

num_allocs_failed_limit: 0.
num_arena_births: 12.
num_arena_deaths: 0.
num_vsnodes_births: 2.
num_vsnodes_deaths: 0.
num_space_committed: 129.
num_space_uncommitted: 0.
num_chunks_returned_to_freelist: 0.
num_chunks_taken_from_freelist: 51.
num_chunk_merges: 0.
num_chunk_splits: 23.
num_chunks_enlarged: 17.
num_inconsistent_stats: 0.

CodeHeap 'non-profiled nmethods': size=120064Kb used=102Kb max_used=102Kb free=119961Kb
 bounds [0x000002af5bfb0000, 0x000002af5c220000, 0x000002af634f0000]
CodeHeap 'profiled nmethods': size=120000Kb used=557Kb max_used=557Kb free=119443Kb
 bounds [0x000002af544f0000, 0x000002af54760000, 0x000002af5ba20000]
CodeHeap 'non-nmethods': size=5696Kb used=1122Kb max_used=1137Kb free=4573Kb
 bounds [0x000002af5ba20000, 0x000002af5bc90000, 0x000002af5bfb0000]
 total_blobs=792 nmethods=386 adapters=319
 compilation: enabled
              stopped_count=0, restarted_count=0
 full_count=0

Compilation events (20 events):
Event: 4.665 Thread 0x000002af675d7830 nmethod 375 0x000002af54575f90 code [0x000002af54576140, 0x000002af545763d8]
Event: 4.667 Thread 0x000002af675d7830  376   !   3       java.io.WinNTFileSystem::isInvalid (78 bytes)
Event: 4.667 Thread 0x000002af675d7830 nmethod 376 0x000002af54576510 code [0x000002af54576700, 0x000002af54576b38]
Event: 4.669 Thread 0x000002af675d5e70  377       4       java.lang.String::checkBoundsOffCount (64 bytes)
Event: 4.669 Thread 0x000002af675d5e70 nmethod 377 0x000002af5bfc9810 code [0x000002af5bfc9980, 0x000002af5bfc9a38]
Event: 4.670 Thread 0x000002af675d7830  378       3       java.util.ArrayList$Itr::next (66 bytes)
Event: 4.670 Thread 0x000002af675d7830 nmethod 378 0x000002af54576d10 code [0x000002af54576f00, 0x000002af545772c8]
Event: 4.671 Thread 0x000002af675d7830  379       3       java.util.LinkedHashMap::newNode (23 bytes)
Event: 4.671 Thread 0x000002af675d7830 nmethod 379 0x000002af54577490 code [0x000002af54577660, 0x000002af54577a48]
Event: 4.671 Thread 0x000002af675d7830  380       3       java.util.LinkedHashMap$Entry::<init> (10 bytes)
Event: 4.671 Thread 0x000002af675d7830 nmethod 380 0x000002af54577c10 code [0x000002af54577dc0, 0x000002af54578098]
Event: 4.671 Thread 0x000002af675d7830  381       3       java.util.LinkedHashMap::linkNodeLast (33 bytes)
Event: 4.672 Thread 0x000002af675d7830 nmethod 381 0x000002af54578190 code [0x000002af54578340, 0x000002af54578658]
Event: 4.672 Thread 0x000002af675d7830  382       3       java.util.LinkedHashMap::get (29 bytes)
Event: 4.672 Thread 0x000002af675d7830 nmethod 382 0x000002af54578790 code [0x000002af54578940, 0x000002af54578b98]
Event: 4.672 Thread 0x000002af675d7830  383       3       java.util.LinkedHashMap$LinkedHashIterator::hasNext (13 bytes)
Event: 4.672 Thread 0x000002af675d7830 nmethod 383 0x000002af54578c90 code [0x000002af54578e20, 0x000002af54578f98]
Event: 4.673 Thread 0x000002af675d5e70  384 %     4       java.lang.StringLatin1::toLowerCase @ 117 (186 bytes)
Event: 4.674 Thread 0x000002af675d7830  385       3       java.util.LinkedHashMap$LinkedKeyIterator::next (8 bytes)
Event: 4.674 Thread 0x000002af675d7830 nmethod 385 0x000002af54579010 code [0x000002af545791c0, 0x000002af54579328]

GC Heap History (0 events):
No events

Dll operation events (2 events):
Event: 0.029 Loaded shared library C:\Program Files\Android\Android Studio\jbr\bin\java.dll
Event: 0.486 Loaded shared library C:\Program Files\Android\Android Studio\jbr\bin\verify.dll

Deoptimization events (18 events):
Event: 3.930 Thread 0x000002af51016c10 DEOPT PACKING pc=0x000002af54543c8c sp=0x000000c410bf9680
Event: 3.930 Thread 0x000002af51016c10 DEOPT UNPACKING pc=0x000002af5ba77143 sp=0x000000c410bf8b10 mode 0
Event: 3.931 Thread 0x000002af51016c10 DEOPT PACKING pc=0x000002af54543c8c sp=0x000000c410bf9680
Event: 3.931 Thread 0x000002af51016c10 DEOPT UNPACKING pc=0x000002af5ba77143 sp=0x000000c410bf8b10 mode 0
Event: 3.931 Thread 0x000002af51016c10 DEOPT PACKING pc=0x000002af54543c8c sp=0x000000c410bf9680
Event: 3.931 Thread 0x000002af51016c10 DEOPT UNPACKING pc=0x000002af5ba77143 sp=0x000000c410bf8b10 mode 0
Event: 3.931 Thread 0x000002af51016c10 DEOPT PACKING pc=0x000002af54543c8c sp=0x000000c410bf9680
Event: 3.931 Thread 0x000002af51016c10 DEOPT UNPACKING pc=0x000002af5ba77143 sp=0x000000c410bf8b10 mode 0
Event: 3.954 Thread 0x000002af51016c10 DEOPT PACKING pc=0x000002af545090e7 sp=0x000000c410bfbb30
Event: 3.954 Thread 0x000002af51016c10 DEOPT UNPACKING pc=0x000002af5ba77143 sp=0x000000c410bfaf50 mode 0
Event: 4.001 Thread 0x000002af51016c10 DEOPT PACKING pc=0x000002af54508451 sp=0x000000c410bfd550
Event: 4.001 Thread 0x000002af51016c10 DEOPT UNPACKING pc=0x000002af5ba77143 sp=0x000000c410bfc9c8 mode 0
Event: 4.557 Thread 0x000002af51016c10 DEOPT PACKING pc=0x000002af5452687e sp=0x000000c410bfd650
Event: 4.557 Thread 0x000002af51016c10 DEOPT UNPACKING pc=0x000002af5ba77143 sp=0x000000c410bfcac0 mode 0
Event: 4.557 Thread 0x000002af51016c10 DEOPT PACKING pc=0x000002af5453e23e sp=0x000000c410bfd680
Event: 4.557 Thread 0x000002af51016c10 DEOPT UNPACKING pc=0x000002af5ba77143 sp=0x000000c410bfcaf8 mode 0
Event: 4.557 Thread 0x000002af51016c10 DEOPT PACKING pc=0x000002af5452687e sp=0x000000c410bfd650
Event: 4.557 Thread 0x000002af51016c10 DEOPT UNPACKING pc=0x000002af5ba77143 sp=0x000000c410bfcac0 mode 0

Classes unloaded (0 events):
No events

Classes redefined (0 events):
No events

Internal exceptions (1 events):
Event: 3.954 Thread 0x000002af51016c10 Exception <a 'java/lang/NoSuchMethodError'{0x00000000cc9e06f0}: 'int java.lang.invoke.DirectMethodHandle$Holder.invokeStaticInit(java.lang.Object, java.lang.Object)'> (0x00000000cc9e06f0) 
thrown [s\src\hotspot\share\interpreter\linkResolver.cpp, line 771]

VM Operations (8 events):
Event: 0.473 Executing VM operation: HandshakeAllThreads
Event: 0.473 Executing VM operation: HandshakeAllThreads done
Event: 1.474 Executing VM operation: Cleanup
Event: 1.490 Executing VM operation: Cleanup done
Event: 2.493 Executing VM operation: Cleanup
Event: 2.720 Executing VM operation: Cleanup done
Event: 3.722 Executing VM operation: Cleanup
Event: 3.867 Executing VM operation: Cleanup done

Events (20 events):
Event: 3.959 loading class java/io/FileFilter
Event: 3.959 loading class java/io/FileFilter done
Event: 4.507 loading class java/util/Collections$UnmodifiableList
Event: 4.507 loading class java/util/Collections$UnmodifiableList done
Event: 4.507 loading class java/util/Collections$UnmodifiableRandomAccessList
Event: 4.507 loading class java/util/Collections$UnmodifiableRandomAccessList done
Event: 4.520 loading class java/util/AbstractList$Itr
Event: 4.520 loading class java/util/AbstractList$Itr done
Event: 4.524 loading class java/util/zip/ZipException
Event: 4.524 loading class java/util/zip/ZipException done
Event: 4.525 loading class java/util/ArrayList$SubList
Event: 4.526 loading class java/util/ArrayList$SubList done
Event: 4.555 loading class java/util/Collections$UnmodifiableCollection$1
Event: 4.555 loading class java/util/Collections$UnmodifiableCollection$1 done
Event: 4.558 loading class java/util/Collections$SingletonSet
Event: 4.558 loading class java/util/Collections$SingletonSet done
Event: 4.558 loading class java/util/Collections$1
Event: 4.559 loading class java/util/Collections$1 done
Event: 4.576 loading class java/lang/invoke/DirectMethodHandle$Special
Event: 4.580 loading class java/lang/invoke/DirectMethodHandle$Special done


Dynamic libraries:
0x00007ff699610000 - 0x00007ff69961a000 	C:\Program Files\Android\Android Studio\jbr\bin\java.exe
0x00007ffb7d7d0000 - 0x00007ffb7d9c8000 	C:\WINDOWS\SYSTEM32\ntdll.dll
0x00007ffb7cbd0000 - 0x00007ffb7cc8d000 	C:\WINDOWS\System32\KERNEL32.DLL
0x00007ffb7b0d0000 - 0x00007ffb7b3c6000 	C:\WINDOWS\System32\KERNELBASE.dll
0x00007ffb7b5a0000 - 0x00007ffb7b6a0000 	C:\WINDOWS\System32\ucrtbase.dll
0x00007ffb76470000 - 0x00007ffb76487000 	C:\Program Files\Android\Android Studio\jbr\bin\jli.dll
0x00007ffb7c860000 - 0x00007ffb7c9fe000 	C:\WINDOWS\System32\USER32.dll
0x00007ffb7b7f0000 - 0x00007ffb7b812000 	C:\WINDOWS\System32\win32u.dll
0x00007ffb7b820000 - 0x00007ffb7b84c000 	C:\WINDOWS\System32\GDI32.dll
0x00007ffb7b6d0000 - 0x00007ffb7b7ea000 	C:\WINDOWS\System32\gdi32full.dll
0x00007ffb7afe0000 - 0x00007ffb7b07d000 	C:\WINDOWS\System32\msvcp_win.dll
0x00007ffb752f0000 - 0x00007ffb7530b000 	C:\Program Files\Android\Android Studio\jbr\bin\VCRUNTIME140.dll
0x00007ffb60230000 - 0x00007ffb604ca000 	C:\WINDOWS\WinSxS\amd64_microsoft.windows.common-controls_6595b64144ccf1df_6.0.19041.3636_none_60b6a03d71f818d5\COMCTL32.dll
0x00007ffb7ceb0000 - 0x00007ffb7cf4e000 	C:\WINDOWS\System32\msvcrt.dll
0x00007ffb7bca0000 - 0x00007ffb7bcd0000 	C:\WINDOWS\System32\IMM32.DLL
0x00007ffb78730000 - 0x00007ffb7873c000 	C:\Program Files\Android\Android Studio\jbr\bin\vcruntime140_1.dll
0x00007ffb4a900000 - 0x00007ffb4a98d000 	C:\Program Files\Android\Android Studio\jbr\bin\msvcp140.dll
0x00007ffb14280000 - 0x00007ffb14f00000 	C:\Program Files\Android\Android Studio\jbr\bin\server\jvm.dll
0x00007ffb7bbe0000 - 0x00007ffb7bc93000 	C:\WINDOWS\System32\ADVAPI32.dll
0x00007ffb7bd80000 - 0x00007ffb7be1f000 	C:\WINDOWS\System32\sechost.dll
0x00007ffb7ccf0000 - 0x00007ffb7ce16000 	C:\WINDOWS\System32\RPCRT4.dll
0x00007ffb7b6a0000 - 0x00007ffb7b6c7000 	C:\WINDOWS\System32\bcrypt.dll
0x00007ffb73dd0000 - 0x00007ffb73dd9000 	C:\WINDOWS\SYSTEM32\WSOCK32.dll
0x00007ffb7c730000 - 0x00007ffb7c79b000 	C:\WINDOWS\System32\WS2_32.dll
0x00007ffb72830000 - 0x00007ffb72857000 	C:\WINDOWS\SYSTEM32\WINMM.dll
0x00007ffb73a70000 - 0x00007ffb73a7a000 	C:\WINDOWS\SYSTEM32\VERSION.dll
0x00007ffb78d50000 - 0x00007ffb78d62000 	C:\WINDOWS\SYSTEM32\kernel.appcore.dll
0x00007ffb73d50000 - 0x00007ffb73d5a000 	C:\Program Files\Android\Android Studio\jbr\bin\jimage.dll
0x00007ffb62f70000 - 0x00007ffb63154000 	C:\WINDOWS\SYSTEM32\DBGHELP.DLL
0x00007ffb62f00000 - 0x00007ffb62f34000 	C:\WINDOWS\SYSTEM32\dbgcore.DLL
0x00007ffb7aea0000 - 0x00007ffb7af22000 	C:\WINDOWS\System32\bcryptPrimitives.dll
0x00007ffb693f0000 - 0x00007ffb69415000 	C:\Program Files\Android\Android Studio\jbr\bin\java.dll
0x00007ffb6fbb0000 - 0x00007ffb6fbc8000 	C:\Program Files\Android\Android Studio\jbr\bin\zip.dll
0x00007ffb7d040000 - 0x00007ffb7d785000 	C:\WINDOWS\System32\SHELL32.dll
0x00007ffb78f50000 - 0x00007ffb796eb000 	C:\WINDOWS\SYSTEM32\windows.storage.dll
0x00007ffb7be20000 - 0x00007ffb7c174000 	C:\WINDOWS\System32\combase.dll
0x00007ffb7a800000 - 0x00007ffb7a82d000 	C:\WINDOWS\SYSTEM32\Wldp.dll
0x00007ffb7b850000 - 0x00007ffb7b8fd000 	C:\WINDOWS\System32\SHCORE.dll
0x00007ffb7c800000 - 0x00007ffb7c855000 	C:\WINDOWS\System32\shlwapi.dll
0x00007ffb7add0000 - 0x00007ffb7adf5000 	C:\WINDOWS\SYSTEM32\profapi.dll
0x00007ffb6edd0000 - 0x00007ffb6ede9000 	C:\Program Files\Android\Android Studio\jbr\bin\net.dll
0x00007ffb6f590000 - 0x00007ffb6f69a000 	C:\WINDOWS\SYSTEM32\WINHTTP.dll
0x00007ffb7a560000 - 0x00007ffb7a5ca000 	C:\WINDOWS\system32\mswsock.dll
0x00007ffb67900000 - 0x00007ffb67916000 	C:\Program Files\Android\Android Studio\jbr\bin\nio.dll
0x00007ffb73d40000 - 0x00007ffb73d50000 	C:\Program Files\Android\Android Studio\jbr\bin\verify.dll

dbghelp: loaded successfully - version: 4.0.5 - missing functions: none
symbol engine: initialized successfully - sym options: 0x614 - pdb path: (cannot be retrieved)

VM Arguments:
jvm_args: -Dorg.gradle.appname=gradlew 
java_command: org.gradle.wrapper.GradleWrapperMain -q -Ptarget-platform=android-arm64 -Ptarget=C:\Users\PC\OneDrive\Documents\Flutter Experience\fe_lab_clinicas_self_service\lib\main.dart -Pbase-application-name=android.app.Application -Pdart-defines=QkFDS0VORF9CQVNFX1VSTD1odHRwOi8vMTkyLjE2OC4xLjU3OjgwODA=,RkxVVFRFUl9XRUJfQVVUT19ERVRFQ1Q9dHJ1ZQ==,RkxVVFRFUl9XRUJfQ0FOVkFTS0lUX1VSTD1odHRwczovL3d3dy5nc3RhdGljLmNvbS9mbHV0dGVyLWNhbnZhc2tpdC9mNDBlOTc2YmVkZmY1N2U2OWUxYjNkODlhN2MyYTNjNjE3YTAzZGFkLw== -Pdart-obfuscation=false -Ptrack-widget-creation=true -Ptree-shake-icons=false -PBACKEND_BASE_URL=http://192.168.1.57:8080 -Pfilesystem-scheme=org-dartlang-root assembleDebug
java_class_path (initial): C:\Users\PC\OneDrive\Documents\Flutter Experience\fe_lab_clinicas_self_service\android\\gradle\wrapper\gradle-wrapper.jar
Launcher Type: SUN_STANDARD

[Global flags]
     intx CICompilerCount                          = 2                                         {product} {ergonomic}
     uint ConcGCThreads                            = 1                                         {product} {ergonomic}
     uint G1ConcRefinementThreads                  = 2                                         {product} {ergonomic}
   size_t G1HeapRegionSize                         = 1048576                                   {product} {ergonomic}
    uintx GCDrainStackTargetSize                   = 64                                        {product} {ergonomic}
   size_t InitialHeapSize                          = 58720256                                  {product} {ergonomic}
   size_t MarkStackSize                            = 4194304                                   {product} {ergonomic}
   size_t MaxHeapSize                              = 918552576                                 {product} {ergonomic}
   size_t MaxNewSize                               = 550502400                                 {product} {ergonomic}
   size_t MinHeapDeltaBytes                        = 1048576                                   {product} {ergonomic}
   size_t MinHeapSize                              = 8388608                                   {product} {ergonomic}
    uintx NonNMethodCodeHeapSize                   = 5826188                                {pd product} {ergonomic}
    uintx NonProfiledCodeHeapSize                  = 122916026                              {pd product} {ergonomic}
    uintx ProfiledCodeHeapSize                     = 122916026                              {pd product} {ergonomic}
    uintx ReservedCodeCacheSize                    = 251658240                              {pd product} {ergonomic}
     bool SegmentedCodeCache                       = true                                      {product} {ergonomic}
   size_t SoftMaxHeapSize                          = 918552576                              {manageable} {ergonomic}
     bool UseCompressedClassPointers               = true                           {product lp64_product} {ergonomic}
     bool UseCompressedOops                        = true                           {product lp64_product} {ergonomic}
     bool UseG1GC                                  = true                                      {product} {ergonomic}
     bool UseLargePagesIndividualAllocation        = false                                  {pd product} {ergonomic}

Logging:
Log output configuration:
 #0: stdout all=warning uptime,level,tags
 #1: stderr all=off uptime,level,tags

Environment Variables:
JAVA_HOME=C:\Program Files\Android\Android Studio\jbr
CLASSPATH=C:\Users\PC\OneDrive\Documents\Flutter Experience\fe_lab_clinicas_self_service\android\\gradle\wrapper\gradle-wrapper.jar
PATH=C:\Program Files\Android\Android Studio\jbr\bin;C:\WINDOWS\system32;C:\WINDOWS;C:\WINDOWS\System32\Wbem;C:\WINDOWS\System32\WindowsPowerShell\v1.0\;C:\WINDOWS\System32\OpenSSH\;C:\Program Files\nodejs\;C:\ProgramData\chocolatey\bin;C:\Program Files\Git\cmd;C:\Users\PC\AppData\Local\Microsoft\WindowsApps;C:\Users\PC\AppData\Local\Programs\Microsoft VS Code\bin;C:\Users\PC\AppData\Roaming\npm;C:\DevPrograms\jdk\current\bin;C:\Users\PC\AppData\Local\Android\Sdk\tools;C:\Users\PC\AppData\Local\Android\Sdk\platform-tools;C:\DevPrograms\flutter\bin;C:\Users\PC\AppData\Local\Pub\Cache\bin;;C:\DevPrograms\flutter\bin\mingit\cmd;C:\DevPrograms\flutter\bin\mingit\cmd
USERNAME=PC
OS=Windows_NT
PROCESSOR_IDENTIFIER=AMD64 Family 23 Model 24 Stepping 1, AuthenticAMD
TMP=C:\Users\PC\AppData\Local\Temp
TEMP=C:\Users\PC\AppData\Local\Temp


JNI global refs:
JNI global refs: 6, weak refs: 0

JNI global refs memory usage: 843, weak refs: 209

OOME stack traces (most recent first):
Classloader memory used:
